This is pdfTeXk, Version 3.141592-1.40.3 (Web2C 7.5.6) (format=pdflatex 2007.5.18)  2 SEP 2008 16:03
entering extended mode
\write18 enabled.
 %&-line parsing enabled.
**DT-F08-03.tex
(./DT-F08-03.tex
LaTeX2e <2005/12/01>
Babel <v3.8h> and hyphenation patterns for english, usenglishmax, dumylang, noh
yphenation, arabic, basque, bulgarian, coptic, welsh, czech, slovak, german, ng
erman, danish, esperanto, spanish, catalan, galician, estonian, farsi, finnish,
 french, greek, monogreek, ancientgreek, croatian, hungarian, interlingua, ibyc
us, indonesian, icelandic, italian, latin, mongolian, dutch, norsk, polish, por
tuguese, pinyin, romanian, russian, slovenian, uppersorbian, serbian, swedish, 
turkish, ukenglish, ukrainian, loaded.
(/usr/local/texlive/2007/texmf-dist/tex/latex/base/book.cls
Document Class: book 2005/09/16 v1.4f Standard LaTeX document class
(/usr/local/texlive/2007/texmf-dist/tex/latex/base/bk10.clo
File: bk10.clo 2005/09/16 v1.4f Standard LaTeX file (size option)
)
\c@part=\count79
\c@chapter=\count80
\c@section=\count81
\c@subsection=\count82
\c@subsubsection=\count83
\c@paragraph=\count84
\c@subparagraph=\count85
\c@figure=\count86
\c@table=\count87
\abovecaptionskip=\skip41
\belowcaptionskip=\skip42
\bibindent=\dimen102
)
(/usr/local/texlive/2007/texmf-dist/tex/latex/graphics/graphicx.sty
Package: graphicx 1999/02/16 v1.0f Enhanced LaTeX Graphics (DPC,SPQR)

(/usr/local/texlive/2007/texmf-dist/tex/latex/graphics/keyval.sty
Package: keyval 1999/03/16 v1.13 key=value parser (DPC)
\KV@toks@=\toks14
)
(/usr/local/texlive/2007/texmf-dist/tex/latex/graphics/graphics.sty
Package: graphics 2006/02/20 v1.0o Standard LaTeX Graphics (DPC,SPQR)

(/usr/local/texlive/2007/texmf-dist/tex/latex/graphics/trig.sty
Package: trig 1999/03/16 v1.09 sin cos tan (DPC)
)
(/usr/local/texlive/2007/texmf/tex/latex/config/graphics.cfg
File: graphics.cfg 2007/01/18 v1.5 graphics configuration of teTeX/TeXLive
)
Package graphics Info: Driver file: pdftex.def on input line 90.

(/usr/local/texlive/2007/texmf-dist/tex/latex/pdftex-def/pdftex.def
File: pdftex.def 2007/01/08 v0.04d Graphics/color for pdfTeX
\Gread@gobject=\count88
))
\Gin@req@height=\dimen103
\Gin@req@width=\dimen104
)
(/usr/local/texlive/2007/texmf-dist/tex/latex/pdfpages/pdfpages.sty
Package: pdfpages 2006/08/12 v0.4a Insert pages of external PDF documents (AM)

(/usr/local/texlive/2007/texmf-dist/tex/latex/base/ifthen.sty
Package: ifthen 2001/05/26 v1.1c Standard LaTeX ifthen package (DPC)
)
(/usr/local/texlive/2007/texmf-dist/tex/latex/tools/calc.sty
Package: calc 2005/08/06 v4.2 Infix arithmetic (KKT,FJ)
\calc@Acount=\count89
\calc@Bcount=\count90
\calc@Adimen=\dimen105
\calc@Bdimen=\dimen106
\calc@Askip=\skip43
\calc@Bskip=\skip44
LaTeX Info: Redefining \setlength on input line 75.
LaTeX Info: Redefining \addtolength on input line 76.
\calc@Ccount=\count91
\calc@Cskip=\skip45
)
(/usr/local/texlive/2007/texmf-dist/tex/latex/eso-pic/eso-pic.sty
Package: eso-pic 2006/07/14 v1.1d eso-pic (RN)

(/usr/local/texlive/2007/texmf-dist/tex/latex/everyshi/everyshi.sty
Package: everyshi 2001/05/15 v3.00 EveryShipout Package (MS)
))
(/usr/local/texlive/2007/texmf-dist/tex/latex/pdfpages/pppdftex.def
File: pppdftex.def 2006/08/12 v0.4a Pdfpages driver for pdfTeX (AM)
)
\AM@pagebox=\box26
\AM@toc@title=\toks15
\c@AM@survey=\count92
)
No file DT-F08-03.aux.
\openout1 = `DT-F08-03.aux'.

LaTeX Font Info:    Checking defaults for OML/cmm/m/it on input line 8.
LaTeX Font Info:    ... okay on input line 8.
LaTeX Font Info:    Checking defaults for T1/cmr/m/n on input line 8.
LaTeX Font Info:    ... okay on input line 8.
LaTeX Font Info:    Checking defaults for OT1/cmr/m/n on input line 8.
LaTeX Font Info:    ... okay on input line 8.
LaTeX Font Info:    Checking defaults for OMS/cmsy/m/n on input line 8.
LaTeX Font Info:    ... okay on input line 8.
LaTeX Font Info:    Checking defaults for OMX/cmex/m/n on input line 8.
LaTeX Font Info:    ... okay on input line 8.
LaTeX Font Info:    Checking defaults for U/cmr/m/n on input line 8.
LaTeX Font Info:    ... okay on input line 8.
(/usr/local/texlive/2007/texmf-dist/tex/context/base/supp-pdf.tex
[Loading MPS to PDF converter (version 2006.09.02).]
\scratchcounter=\count93
\scratchdimen=\dimen107
\scratchbox=\box27
\nofMPsegments=\count94
\nofMParguments=\count95
\MPscratchCnt=\count96
\MPscratchDim=\dimen108
\MPnumerator=\count97
\everyMPtoPDFconversion=\toks16
) ABD: EveryShipout initializing macros
(/usr/local/texlive/2007/texmf-dist/tex/latex/graphics/color.sty
Package: color 2005/11/14 v1.0j Standard LaTeX Color (DPC)

(/usr/local/texlive/2007/texmf/tex/latex/config/color.cfg
File: color.cfg 2007/01/18 v1.5 color configuration of teTeX/TeXLive
)
Package color Info: Driver file: pdftex.def on input line 130.
)
</Users/weatherson/Documents/dtbook.pdf, id=3, page=13, 614.295pt x 794.97pt>
File: /Users/weatherson/Documents/dtbook.pdf Graphic file (type pdf)

<use /Users/weatherson/Documents/dtbook.pdf, page 13>
File: /Users/weatherson/Documents/dtbook.pdf Graphic file (type pdf)

<use /Users/weatherson/Documents/dtbook.pdf, page 13>
File: /Users/weatherson/Documents/dtbook.pdf Graphic file (type pdf)

<use /Users/weatherson/Documents/dtbook.pdf, page 13>
File: /Users/weatherson/Documents/dtbook.pdf Graphic file (type pdf)

<use /Users/weatherson/Documents/dtbook.pdf, page 13>
File: /Users/weatherson/Documents/dtbook.pdf Graphic file (type pdf)

<use /Users/weatherson/Documents/dtbook.pdf, page 13> [1

 </Users/weatherson/Documents/dtbook.pdf{/usr/local/texlive/2007/texmf-var/font
s/map/pdftex/updmap/pdftex.map}>]
</Users/weatherson/Documents/dtbook.pdf, id=19, page=14, 614.295pt x 794.97pt>
File: /Users/weatherson/Documents/dtbook.pdf Graphic file (type pdf)

<use /Users/weatherson/Documents/dtbook.pdf, page 14>
File: /Users/weatherson/Documents/dtbook.pdf Graphic file (type pdf)

<use /Users/weatherson/Documents/dtbook.pdf, page 14>
File: /Users/weatherson/Documents/dtbook.pdf Graphic file (type pdf)

<use /Users/weatherson/Documents/dtbook.pdf, page 14> [2 </Users/weatherson/Doc
uments/dtbook.pdf>]
</Users/weatherson/Documents/dtbook.pdf, id=28, page=15, 614.295pt x 794.97pt>
File: /Users/weatherson/Documents/dtbook.pdf Graphic file (type pdf)

<use /Users/weatherson/Documents/dtbook.pdf, page 15>
File: /Users/weatherson/Documents/dtbook.pdf Graphic file (type pdf)

<use /Users/weatherson/Documents/dtbook.pdf, page 15>
File: /Users/weatherson/Documents/dtbook.pdf Graphic file (type pdf)

<use /Users/weatherson/Documents/dtbook.pdf, page 15> [3 </Users/weatherson/Doc
uments/dtbook.pdf>]
</Users/weatherson/Documents/dtbook.pdf, id=32, page=16, 614.295pt x 794.97pt>
File: /Users/weatherson/Documents/dtbook.pdf Graphic file (type pdf)

<use /Users/weatherson/Documents/dtbook.pdf, page 16>
File: /Users/weatherson/Documents/dtbook.pdf Graphic file (type pdf)

<use /Users/weatherson/Documents/dtbook.pdf, page 16>
File: /Users/weatherson/Documents/dtbook.pdf Graphic file (type pdf)

<use /Users/weatherson/Documents/dtbook.pdf, page 16> [4 </Users/weatherson/Doc
uments/dtbook.pdf>] (./DT-F08-03.aux) ) 
Here is how much of TeX's memory you used:
 1590 strings out of 94073
 22760 string characters out of 1162984
 73091 words of memory out of 1500000
 4909 multiletter control sequences out of 10000+50000
 3640 words of font info for 14 fonts, out of 1200000 for 2000
 645 hyphenation exceptions out of 8191
 32i,16n,37p,214b,389s stack positions out of 5000i,500n,6000p,200000b,5000s
</usr/local/texlive/2007/texmf-dist/font
s/type1/urw/times/utmb8a.pfb></usr/local/texlive/2007/texmf-dist/fonts/type1/ur
w/times/utmr8a.pfb></usr/local/texlive/2007/texmf-dist/fonts/type1/urw/times/ut
mri8a.pfb>
Output written on DT-F08-03.pdf (4 pages, 70043 bytes).
PDF statistics:
 40 PDF objects out of 1000 (max. 8388607)
 0 named destinations out of 1000 (max. 131072)
 31 words of extra memory for PDF output out of 10000 (max. 10000000)

